<?xml version="1.0" encoding="UTF-8"?>
<testsuite xmlns:xsi="http://www.w3.org/2001/XMLSchema-instance" xsi:noNamespaceSchemaLocation="https://maven.apache.org/surefire/maven-surefire-plugin/xsd/surefire-test-report-3.0.xsd" version="3.0" name="cl.clinica.RunCucumberTest" time="19.013" tests="5" errors="0" skipped="0" failures="0">
  <properties>
[...]
</properties>
  <testcase name="Ingreso de ficha clínica completa" classname="Carga de ficha clínica" time="2.863">
    <system-out><![CDATA[
@ficha
Scenario: Ingreso de ficha clÃ­nica completa                          &amp#27;[90m# features/ficha.feature:4&amp#27;[0m
  &amp#27;[32mGiven &amp#27;[0m&amp#27;[32mque el mÃ©dico accede al formulario de ficha clÃ­nica&amp#27;[0m          &amp#27;[90m# cl.clinica.steps.FichaSteps.que_el_mÃ©dico_accede_al_formulario_de_ficha_clÃ­nica()&amp#27;[0m
  &amp#27;[32mWhen &amp#27;[0m&amp#27;[32mingresa el nombre del paciente diagnÃ³stico edad y tratamiento&amp#27;[0m &amp#27;[90m# cl.clinica.steps.FichaSteps.ingresa_el_nombre_del_paciente_diagnÃ³stico_edad_y_tratamiento()&amp#27;[0m
  &amp#27;[32mThen &amp#27;[0m&amp#27;[32mve un mensaje de confirmaciÃ³n de ficha registrada con Ã©xito&amp#27;[0m   &amp#27;[90m# cl.clinica.steps.FichaSteps.ve_un_mensaje_de_confirmaciÃ³n_de_ficha_registrada_con_Ã©xito()&amp#27;[0m
]]></system-out>
    <system-err><![CDATA[SLF4J(W): No SLF4J providers were found.
SLF4J(W): Defaulting to no-operation (NOP) logger implementation
SLF4J(W): See https://www.slf4j.org/codes.html#noProviders for further details.
ago 09, 2025 3:18:07 P. M. org.openqa.selenium.devtools.CdpVersionFinder findNearestMatch
ADVERTENCIA: Unable to find CDP implementation matching 138
ago 09, 2025 3:18:07 P. M. org.openqa.selenium.chromium.ChromiumDriver lambda$new$5
ADVERTENCIA: Unable to find version of CDP to use for 138.0.7204.184. You may need to include a dependency on a specific version of the CDP using something similar to `org.seleniumhq.selenium:selenium-devtools-v86:4.11.0` where the version ("v86") matches the version of the chromium-based browser you're using and the version number of the artifact is the same as Selenium's.
]]></system-err>
  </testcase>
  <testcase name="Example #1.1" classname="Examples" time="11.615">
    <system-out><![CDATA[
@login
Scenario Outline: Validar login con diferentes credenciales   &amp#27;[90m# features/login.feature:11&amp#27;[0m
  &amp#27;[32mGiven &amp#27;[0m&amp#27;[32mque el mÃ©dico abre la pÃ¡gina de login&amp#27;[0m                 &amp#27;[90m# cl.clinica.steps.LoginSteps.que_el_mÃ©dico_abre_la_pÃ¡gina_de_login()&amp#27;[0m
  &amp#27;[32mWhen &amp#27;[0m&amp#27;[32mingresa el usuario &amp#27;[0m&amp#27;[32m&amp#27;[1m"doctor"&amp#27;[0m&amp#27;[32m y la contraseÃ±a &amp#27;[0m&amp#27;[32m&amp#27;[1m"password"&amp#27;[0m &amp#27;[90m# cl.clinica.steps.LoginSteps.ingresa_el_usuario_y_la_contraseÃ±a(java.lang.String,java.lang.String)&amp#27;[0m
  &amp#27;[32mThen &amp#27;[0m&amp#27;[32maccede al registro de paciente&amp#27;[0m                         &amp#27;[90m# cl.clinica.steps.LoginSteps.accede_al_registro_de_paciente()&amp#27;[0m
]]></system-out>
    <system-err><![CDATA[ago 09, 2025 3:18:09 P. M. org.openqa.selenium.devtools.CdpVersionFinder findNearestMatch
ADVERTENCIA: Unable to find CDP implementation matching 138
ago 09, 2025 3:18:09 P. M. org.openqa.selenium.chromium.ChromiumDriver lambda$new$5
ADVERTENCIA: Unable to find version of CDP to use for 138.0.7204.184. You may need to include a dependency on a specific version of the CDP using something similar to `org.seleniumhq.selenium:selenium-devtools-v86:4.11.0` where the version ("v86") matches the version of the chromium-based browser you're using and the version number of the artifact is the same as Selenium's.
]]></system-err>
  </testcase>
  <testcase name="Example #1.2" classname="Examples" time="1.351">
    <system-out><![CDATA[
@login
Scenario Outline: Validar login con diferentes credenciales &amp#27;[90m# features/login.feature:12&amp#27;[0m
  &amp#27;[32mGiven &amp#27;[0m&amp#27;[32mque el mÃ©dico abre la pÃ¡gina de login&amp#27;[0m               &amp#27;[90m# cl.clinica.steps.LoginSteps.que_el_mÃ©dico_abre_la_pÃ¡gina_de_login()&amp#27;[0m
  &amp#27;[32mWhen &amp#27;[0m&amp#27;[32mingresa el usuario &amp#27;[0m&amp#27;[32m&amp#27;[1m"otro"&amp#27;[0m&amp#27;[32m y la contraseÃ±a &amp#27;[0m&amp#27;[32m&amp#27;[1m"123456"&amp#27;[0m   &amp#27;[90m# cl.clinica.steps.LoginSteps.ingresa_el_usuario_y_la_contraseÃ±a(java.lang.String,java.lang.String)&amp#27;[0m
  &amp#27;[32mThen &amp#27;[0m&amp#27;[32mve un mensaje de error de login&amp#27;[0m                      &amp#27;[90m# cl.clinica.steps.LoginSteps.ve_un_mensaje_de_error_de_login()&amp#27;[0m
]]></system-out>
    <system-err><![CDATA[ago 09, 2025 3:18:20 P. M. org.openqa.selenium.devtools.CdpVersionFinder findNearestMatch
ADVERTENCIA: Unable to find CDP implementation matching 138
ago 09, 2025 3:18:20 P. M. org.openqa.selenium.chromium.ChromiumDriver lambda$new$5
ADVERTENCIA: Unable to find version of CDP to use for 138.0.7204.184. You may need to include a dependency on a specific version of the CDP using something similar to `org.seleniumhq.selenium:selenium-devtools-v86:4.11.0` where the version ("v86") matches the version of the chromium-based browser you're using and the version number of the artifact is the same as Selenium's.
]]></system-err>
  </testcase>
  <testcase name="Diagnóstico para pacientes pediátricos" classname="Validación de reglas clínicas" time="1.415">
    <system-out><![CDATA[
@reglas
Scenario: DiagnÃ³stico para pacientes pediÃ¡tricos                       &amp#27;[90m# features/reglas.feature:4&amp#27;[0m
  &amp#27;[32mGiven &amp#27;[0m&amp#27;[32mque el mÃ©dico accede al formulario de ficha clÃ­nica&amp#27;[0m            &amp#27;[90m# cl.clinica.steps.FichaSteps.que_el_mÃ©dico_accede_al_formulario_de_ficha_clÃ­nica()&amp#27;[0m
  &amp#27;[32mWhen &amp#27;[0m&amp#27;[32mingresa una edad menor a 12 aÃ±os&amp#27;[0m                                &amp#27;[90m# cl.clinica.steps.FichaSteps.ingresa_una_edad_menor_a_12_aÃ±os()&amp#27;[0m
  &amp#27;[32mThen &amp#27;[0m&amp#27;[32mve un mensaje que indica que el diagnÃ³stico debe ser PediÃ¡trico&amp#27;[0m &amp#27;[90m# cl.clinica.steps.FichaSteps.ve_un_mensaje_que_indica_que_el_diagnÃ³stico_debe_ser_PediÃ¡trico()&amp#27;[0m
]]></system-out>
    <system-err><![CDATA[ago 09, 2025 3:18:22 P. M. org.openqa.selenium.devtools.CdpVersionFinder findNearestMatch
ADVERTENCIA: Unable to find CDP implementation matching 138
ago 09, 2025 3:18:22 P. M. org.openqa.selenium.chromium.ChromiumDriver lambda$new$5
ADVERTENCIA: Unable to find version of CDP to use for 138.0.7204.184. You may need to include a dependency on a specific version of the CDP using something similar to `org.seleniumhq.selenium:selenium-devtools-v86:4.11.0` where the version ("v86") matches the version of the chromium-based browser you're using and the version number of the artifact is the same as Selenium's.
]]></system-err>
  </testcase>
  <testcase name="Impedir guardado sin tratamiento" classname="Validación de reglas clínicas" time="1.552">
    <system-out><![CDATA[
@reglas
Scenario: Impedir guardado sin tratamiento                                &amp#27;[90m# features/reglas.feature:9&amp#27;[0m
  &amp#27;[32mGiven &amp#27;[0m&amp#27;[32mque el mÃ©dico accede al formulario de ficha clÃ­nica&amp#27;[0m               &amp#27;[90m# cl.clinica.steps.FichaSteps.que_el_mÃ©dico_accede_al_formulario_de_ficha_clÃ­nica()&amp#27;[0m
  &amp#27;[32mWhen &amp#27;[0m&amp#27;[32mdeja el campo de tratamiento vacÃ­o&amp#27;[0m                                 &amp#27;[90m# cl.clinica.steps.FichaSteps.deja_el_campo_de_tratamiento_vacÃ­o()&amp#27;[0m
  &amp#27;[32mThen &amp#27;[0m&amp#27;[32mve un mensaje de error indicando que el tratamiento es obligatorio&amp#27;[0m &amp#27;[90m# cl.clinica.steps.FichaSteps.ve_un_mensaje_de_error_indicando_que_el_tratamiento_es_obligatorio()&amp#27;[0m
]]></system-out>
    <system-err><![CDATA[ago 09, 2025 3:18:23 P. M. org.openqa.selenium.devtools.CdpVersionFinder findNearestMatch
ADVERTENCIA: Unable to find CDP implementation matching 138
ago 09, 2025 3:18:23 P. M. org.openqa.selenium.chromium.ChromiumDriver lambda$new$5
ADVERTENCIA: Unable to find version of CDP to use for 138.0.7204.184. You may need to include a dependency on a specific version of the CDP using something similar to `org.seleniumhq.selenium:selenium-devtools-v86:4.11.0` where the version ("v86") matches the version of the chromium-based browser you're using and the version number of the artifact is the same as Selenium's.
]]></system-err>
  </testcase>
</testsuite>